<?xml version="1.0" encoding="UTF-8"?>
<!-- Generated by org.testng.reporters.JUnitXMLReporter -->
<testsuite ignored="0" hostname="DDC1-L-2144Y3K" failures="0" tests="10" name="Surefire test" time="219.4" errors="0" timestamp="2023-12-25T12:42:37 IST">
  <testcase classname="com.sauce.qa.testcases.CartPageTest" name="validateCartPageTitleTest" time="0.052"/>
  <testcase classname="com.sauce.qa.testcases.CartPageTest" name="checkOutTest" time="10.558"/>
  <testcase classname="com.sauce.qa.testcases.CartPageTest" name="checkoutInfoTest" time="16.577"/>
  <testcase classname="com.sauce.qa.testcases.CartPageTest" name="checkoutInfoTest" time="15.849"/>
  <testcase classname="com.sauce.qa.testcases.CartPageTest" name="checkoutInfoTest" time="15.406"/>
  <testcase classname="com.sauce.qa.testcases.CartPageTest" name="checkoutInfoTest" time="15.417"/>
  <testcase classname="com.sauce.qa.testcases.LoginPageTest" name="LoginPageTitleTest" time="0.012"/>
  <testcase classname="com.sauce.qa.testcases.LoginPageTest" name="LoginTest" time="1.022"/>
  <testcase classname="com.sauce.qa.testcases.ProductPageTest" name="ProductPageTitleTest" time="0.048"/>
  <testcase classname="com.sauce.qa.testcases.ProductPageTest" name="addProductTest" time="0.412"/>
</testsuite> <!-- Surefire test -->
