<?xml version="1.0" encoding="UTF-8"?>
<!-- Generated by org.testng.reporters.JUnitXMLReporter -->
<testsuite ignored="0" hostname="DDC1-L-2144Y3K" failures="0" tests="10" name="Swag Lab Application Test" time="182.277" errors="0" timestamp="2023-12-25T03:12:44 IST">
  <testcase classname="com.sauce.qa.testcases.LoginPageTest" name="LoginPageTitleTest" time="0.024"/>
  <testcase classname="com.sauce.qa.testcases.LoginPageTest" name="LoginTest" time="1.07"/>
  <testcase classname="com.sauce.qa.testcases.ProductPageTest" name="ProductPageTitleTest" time="0.029"/>
  <testcase classname="com.sauce.qa.testcases.ProductPageTest" name="addProductTest" time="0.416"/>
  <testcase classname="com.sauce.qa.testcases.CartPageTest" name="validateCartPageTitleTest" time="0.024"/>
  <testcase classname="com.sauce.qa.testcases.CartPageTest" name="checkOutTest" time="10.145"/>
  <testcase classname="com.sauce.qa.testcases.CartPageTest" name="checkoutInfoTest" time="16.078"/>
  <testcase classname="com.sauce.qa.testcases.CartPageTest" name="checkoutInfoTest" time="15.369"/>
  <testcase classname="com.sauce.qa.testcases.CartPageTest" name="checkoutInfoTest" time="15.736"/>
  <testcase classname="com.sauce.qa.testcases.CartPageTest" name="checkoutInfoTest" time="15.365"/>
</testsuite> <!-- Swag Lab Application Test -->
