<?xml version="1.0" encoding="UTF-8"?>
<testsuite xmlns:xsi="http://www.w3.org/2001/XMLSchema-instance" xsi:noNamespaceSchemaLocation="https://maven.apache.org/surefire/maven-surefire-plugin/xsd/surefire-test-report-3.0.xsd" version="3.0" name="TestSuite" time="220.664" tests="10" errors="0" skipped="0" failures="0">
  <properties>
[...]
</properties>
  <testcase name="validateCartPageTitleTest" classname="com.sauce.qa.testcases.CartPageTest" time="0.101">
    <system-out><![CDATA[Before navigating to: 'https://www.saucedemo.com/v1/'
Navigated to:'https://www.saucedemo.com/v1/'
Trying to find Element By : By.name: user-name
Found Element By : By.name: user-name
Trying to find Element By : By.name: password
Found Element By : By.name: password
Trying to find Element By : By.xpath: //input[@type="submit"][@id='login-button']
Found Element By : By.xpath: //input[@type="submit"][@id='login-button']
Trying to click on: [[FirefoxDriver: firefox on windows (cf5d667b-dc13-470c-9b49-17183f8f1f44)] -> xpath: //input[@type="submit"][@id='login-button']]
Clicked on: [[FirefoxDriver: firefox on windows (cf5d667b-dc13-470c-9b49-17183f8f1f44)] -> xpath: //input[@type="submit"][@id='login-button']]
Trying to find Element By : By.xpath: //div[contains(text(),'Sauce Labs Backpack')]//following::div//div[text()='29.99']//following-sibling::button[contains(text(),'ADD TO CART')]
Found Element By : By.xpath: //div[contains(text(),'Sauce Labs Backpack')]//following::div//div[text()='29.99']//following-sibling::button[contains(text(),'ADD TO CART')]
Trying to click on: [[FirefoxDriver: firefox on windows (cf5d667b-dc13-470c-9b49-17183f8f1f44)] -> xpath: //div[contains(text(),'Sauce Labs Backpack')]//following::div//div[text()='29.99']//following-sibling::button[contains(text(),'ADD TO CART')]]
Clicked on: [[FirefoxDriver: firefox on windows (cf5d667b-dc13-470c-9b49-17183f8f1f44)] -> xpath: //div[contains(text(),'Sauce Labs Backpack')]//following::div//div[text()='29.99']//following-sibling::button[contains(text(),'ADD TO CART')]]
Trying to find Element By : By.xpath: //div[@id='shopping_cart_container']//following::span[text()='1']
Found Element By : By.xpath: //div[@id='shopping_cart_container']//following::span[text()='1']
Trying to find Element By : By.xpath: //div[@id='shopping_cart_container']//following::span[text()='1']
Found Element By : By.xpath: //div[@id='shopping_cart_container']//following::span[text()='1']
Trying to click on: [[FirefoxDriver: firefox on windows (cf5d667b-dc13-470c-9b49-17183f8f1f44)] -> xpath: //div[@id='shopping_cart_container']//following::span[text()='1']]
Clicked on: [[FirefoxDriver: firefox on windows (cf5d667b-dc13-470c-9b49-17183f8f1f44)] -> xpath: //div[@id='shopping_cart_container']//following::span[text()='1']]
Trying to find Element By : By.xpath: //*[text()='Your Cart']
Found Element By : By.xpath: //*[text()='Your Cart']
]]></system-out>
    <system-err><![CDATA[SLF4J: Failed to load class "org.slf4j.impl.StaticLoggerBinder".
SLF4J: Defaulting to no-operation (NOP) logger implementation
SLF4J: See http://www.slf4j.org/codes.html#StaticLoggerBinder for further details.
]]></system-err>
  </testcase>
  <testcase name="checkOutTest" classname="com.sauce.qa.testcases.CartPageTest" time="10.557">
    <system-out><![CDATA[Before navigating to: 'https://www.saucedemo.com/v1/'
Navigated to:'https://www.saucedemo.com/v1/'
Trying to find Element By : By.name: user-name
Found Element By : By.name: user-name
Trying to find Element By : By.name: password
Found Element By : By.name: password
Trying to find Element By : By.xpath: //input[@type="submit"][@id='login-button']
Found Element By : By.xpath: //input[@type="submit"][@id='login-button']
Trying to click on: [[FirefoxDriver: firefox on windows (c43761db-956e-4780-945c-e4b1102ae0f5)] -> xpath: //input[@type="submit"][@id='login-button']]
Clicked on: [[FirefoxDriver: firefox on windows (c43761db-956e-4780-945c-e4b1102ae0f5)] -> xpath: //input[@type="submit"][@id='login-button']]
Trying to find Element By : By.xpath: //div[contains(text(),'Sauce Labs Backpack')]//following::div//div[text()='29.99']//following-sibling::button[contains(text(),'ADD TO CART')]
Found Element By : By.xpath: //div[contains(text(),'Sauce Labs Backpack')]//following::div//div[text()='29.99']//following-sibling::button[contains(text(),'ADD TO CART')]
Trying to click on: [[FirefoxDriver: firefox on windows (c43761db-956e-4780-945c-e4b1102ae0f5)] -> xpath: //div[contains(text(),'Sauce Labs Backpack')]//following::div//div[text()='29.99']//following-sibling::button[contains(text(),'ADD TO CART')]]
Clicked on: [[FirefoxDriver: firefox on windows (c43761db-956e-4780-945c-e4b1102ae0f5)] -> xpath: //div[contains(text(),'Sauce Labs Backpack')]//following::div//div[text()='29.99']//following-sibling::button[contains(text(),'ADD TO CART')]]
Trying to find Element By : By.xpath: //div[@id='shopping_cart_container']//following::span[text()='1']
Found Element By : By.xpath: //div[@id='shopping_cart_container']//following::span[text()='1']
Trying to find Element By : By.xpath: //div[@id='shopping_cart_container']//following::span[text()='1']
Found Element By : By.xpath: //div[@id='shopping_cart_container']//following::span[text()='1']
Trying to click on: [[FirefoxDriver: firefox on windows (c43761db-956e-4780-945c-e4b1102ae0f5)] -> xpath: //div[@id='shopping_cart_container']//following::span[text()='1']]
Clicked on: [[FirefoxDriver: firefox on windows (c43761db-956e-4780-945c-e4b1102ae0f5)] -> xpath: //div[@id='shopping_cart_container']//following::span[text()='1']]
Trying to find Element By : By.xpath: //*[text()='CHECKOUT']
Found Element By : By.xpath: //*[text()='CHECKOUT']
Trying to find Element By : By.xpath: //*[text()='CHECKOUT']
Found Element By : By.xpath: //*[text()='CHECKOUT']
Trying to click on: [[FirefoxDriver: firefox on windows (c43761db-956e-4780-945c-e4b1102ae0f5)] -> xpath: //*[text()='CHECKOUT']]
Clicked on: [[FirefoxDriver: firefox on windows (c43761db-956e-4780-945c-e4b1102ae0f5)] -> xpath: //*[text()='CHECKOUT']]
]]></system-out>
  </testcase>
  <testcase name="checkoutInfoTest[Mohit, Negi, 234234.0](1)" classname="com.sauce.qa.testcases.CartPageTest" time="16.576">
    <system-out><![CDATA[Before navigating to: 'https://www.saucedemo.com/v1/'
Navigated to:'https://www.saucedemo.com/v1/'
Trying to find Element By : By.name: user-name
Found Element By : By.name: user-name
Trying to find Element By : By.name: password
Found Element By : By.name: password
Trying to find Element By : By.xpath: //input[@type="submit"][@id='login-button']
Found Element By : By.xpath: //input[@type="submit"][@id='login-button']
Trying to click on: [[FirefoxDriver: firefox on windows (8b34209b-afa0-4d53-9791-f2ba2f7e0436)] -> xpath: //input[@type="submit"][@id='login-button']]
Clicked on: [[FirefoxDriver: firefox on windows (8b34209b-afa0-4d53-9791-f2ba2f7e0436)] -> xpath: //input[@type="submit"][@id='login-button']]
Trying to find Element By : By.xpath: //div[contains(text(),'Sauce Labs Backpack')]//following::div//div[text()='29.99']//following-sibling::button[contains(text(),'ADD TO CART')]
Found Element By : By.xpath: //div[contains(text(),'Sauce Labs Backpack')]//following::div//div[text()='29.99']//following-sibling::button[contains(text(),'ADD TO CART')]
Trying to click on: [[FirefoxDriver: firefox on windows (8b34209b-afa0-4d53-9791-f2ba2f7e0436)] -> xpath: //div[contains(text(),'Sauce Labs Backpack')]//following::div//div[text()='29.99']//following-sibling::button[contains(text(),'ADD TO CART')]]
Clicked on: [[FirefoxDriver: firefox on windows (8b34209b-afa0-4d53-9791-f2ba2f7e0436)] -> xpath: //div[contains(text(),'Sauce Labs Backpack')]//following::div//div[text()='29.99']//following-sibling::button[contains(text(),'ADD TO CART')]]
Trying to find Element By : By.xpath: //div[@id='shopping_cart_container']//following::span[text()='1']
Found Element By : By.xpath: //div[@id='shopping_cart_container']//following::span[text()='1']
Trying to find Element By : By.xpath: //div[@id='shopping_cart_container']//following::span[text()='1']
Found Element By : By.xpath: //div[@id='shopping_cart_container']//following::span[text()='1']
Trying to click on: [[FirefoxDriver: firefox on windows (8b34209b-afa0-4d53-9791-f2ba2f7e0436)] -> xpath: //div[@id='shopping_cart_container']//following::span[text()='1']]
Clicked on: [[FirefoxDriver: firefox on windows (8b34209b-afa0-4d53-9791-f2ba2f7e0436)] -> xpath: //div[@id='shopping_cart_container']//following::span[text()='1']]
Trying to find Element By : By.xpath: //*[text()='CHECKOUT']
Found Element By : By.xpath: //*[text()='CHECKOUT']
Trying to find Element By : By.xpath: //*[text()='CHECKOUT']
Found Element By : By.xpath: //*[text()='CHECKOUT']
Trying to click on: [[FirefoxDriver: firefox on windows (8b34209b-afa0-4d53-9791-f2ba2f7e0436)] -> xpath: //*[text()='CHECKOUT']]
Clicked on: [[FirefoxDriver: firefox on windows (8b34209b-afa0-4d53-9791-f2ba2f7e0436)] -> xpath: //*[text()='CHECKOUT']]
Trying to find Element By : By.xpath: //*[@id='first-name']
Found Element By : By.xpath: //*[@id='first-name']
Trying to find Element By : By.xpath: //*[@id='last-name']
Found Element By : By.xpath: //*[@id='last-name']
Trying to find Element By : By.xpath: //*[@id='postal-code']
Found Element By : By.xpath: //*[@id='postal-code']
Trying to find Element By : By.xpath: //*[@type='submit']
Found Element By : By.xpath: //*[@type='submit']
Trying to click on: [[FirefoxDriver: firefox on windows (8b34209b-afa0-4d53-9791-f2ba2f7e0436)] -> xpath: //*[@type='submit']]
Clicked on: [[FirefoxDriver: firefox on windows (8b34209b-afa0-4d53-9791-f2ba2f7e0436)] -> xpath: //*[@type='submit']]
]]></system-out>
    <system-err><![CDATA[ERROR StatusLogger Log4j2 could not find a logging implementation. Please add log4j-core to the classpath. Using SimpleLogger to log to the console...
]]></system-err>
  </testcase>
  <testcase name="checkoutInfoTest[Ayushi, Bisht, 234213.0](2)" classname="com.sauce.qa.testcases.CartPageTest" time="15.849">
    <system-out><![CDATA[Before navigating to: 'https://www.saucedemo.com/v1/'
Navigated to:'https://www.saucedemo.com/v1/'
Trying to find Element By : By.name: user-name
Found Element By : By.name: user-name
Trying to find Element By : By.name: password
Found Element By : By.name: password
Trying to find Element By : By.xpath: //input[@type="submit"][@id='login-button']
Found Element By : By.xpath: //input[@type="submit"][@id='login-button']
Trying to click on: [[FirefoxDriver: firefox on windows (690d6819-902f-433f-a9f3-35a15dbd6687)] -> xpath: //input[@type="submit"][@id='login-button']]
Clicked on: [[FirefoxDriver: firefox on windows (690d6819-902f-433f-a9f3-35a15dbd6687)] -> xpath: //input[@type="submit"][@id='login-button']]
Trying to find Element By : By.xpath: //div[contains(text(),'Sauce Labs Backpack')]//following::div//div[text()='29.99']//following-sibling::button[contains(text(),'ADD TO CART')]
Found Element By : By.xpath: //div[contains(text(),'Sauce Labs Backpack')]//following::div//div[text()='29.99']//following-sibling::button[contains(text(),'ADD TO CART')]
Trying to click on: [[FirefoxDriver: firefox on windows (690d6819-902f-433f-a9f3-35a15dbd6687)] -> xpath: //div[contains(text(),'Sauce Labs Backpack')]//following::div//div[text()='29.99']//following-sibling::button[contains(text(),'ADD TO CART')]]
Clicked on: [[FirefoxDriver: firefox on windows (690d6819-902f-433f-a9f3-35a15dbd6687)] -> xpath: //div[contains(text(),'Sauce Labs Backpack')]//following::div//div[text()='29.99']//following-sibling::button[contains(text(),'ADD TO CART')]]
Trying to find Element By : By.xpath: //div[@id='shopping_cart_container']//following::span[text()='1']
Found Element By : By.xpath: //div[@id='shopping_cart_container']//following::span[text()='1']
Trying to find Element By : By.xpath: //div[@id='shopping_cart_container']//following::span[text()='1']
Found Element By : By.xpath: //div[@id='shopping_cart_container']//following::span[text()='1']
Trying to click on: [[FirefoxDriver: firefox on windows (690d6819-902f-433f-a9f3-35a15dbd6687)] -> xpath: //div[@id='shopping_cart_container']//following::span[text()='1']]
Clicked on: [[FirefoxDriver: firefox on windows (690d6819-902f-433f-a9f3-35a15dbd6687)] -> xpath: //div[@id='shopping_cart_container']//following::span[text()='1']]
Trying to find Element By : By.xpath: //*[text()='CHECKOUT']
Found Element By : By.xpath: //*[text()='CHECKOUT']
Trying to find Element By : By.xpath: //*[text()='CHECKOUT']
Found Element By : By.xpath: //*[text()='CHECKOUT']
Trying to click on: [[FirefoxDriver: firefox on windows (690d6819-902f-433f-a9f3-35a15dbd6687)] -> xpath: //*[text()='CHECKOUT']]
Clicked on: [[FirefoxDriver: firefox on windows (690d6819-902f-433f-a9f3-35a15dbd6687)] -> xpath: //*[text()='CHECKOUT']]
Trying to find Element By : By.xpath: //*[@id='first-name']
Found Element By : By.xpath: //*[@id='first-name']
Trying to find Element By : By.xpath: //*[@id='last-name']
Found Element By : By.xpath: //*[@id='last-name']
Trying to find Element By : By.xpath: //*[@id='postal-code']
Found Element By : By.xpath: //*[@id='postal-code']
Trying to find Element By : By.xpath: //*[@type='submit']
Found Element By : By.xpath: //*[@type='submit']
Trying to click on: [[FirefoxDriver: firefox on windows (690d6819-902f-433f-a9f3-35a15dbd6687)] -> xpath: //*[@type='submit']]
Clicked on: [[FirefoxDriver: firefox on windows (690d6819-902f-433f-a9f3-35a15dbd6687)] -> xpath: //*[@type='submit']]
]]></system-out>
  </testcase>
  <testcase name="checkoutInfoTest[Tom, Ford, 456345.0](3)" classname="com.sauce.qa.testcases.CartPageTest" time="15.406">
    <system-out><![CDATA[Before navigating to: 'https://www.saucedemo.com/v1/'
Navigated to:'https://www.saucedemo.com/v1/'
Trying to find Element By : By.name: user-name
Found Element By : By.name: user-name
Trying to find Element By : By.name: password
Found Element By : By.name: password
Trying to find Element By : By.xpath: //input[@type="submit"][@id='login-button']
Found Element By : By.xpath: //input[@type="submit"][@id='login-button']
Trying to click on: [[FirefoxDriver: firefox on windows (a71a8f12-6026-4254-a305-a001798545d5)] -> xpath: //input[@type="submit"][@id='login-button']]
Clicked on: [[FirefoxDriver: firefox on windows (a71a8f12-6026-4254-a305-a001798545d5)] -> xpath: //input[@type="submit"][@id='login-button']]
Trying to find Element By : By.xpath: //div[contains(text(),'Sauce Labs Backpack')]//following::div//div[text()='29.99']//following-sibling::button[contains(text(),'ADD TO CART')]
Found Element By : By.xpath: //div[contains(text(),'Sauce Labs Backpack')]//following::div//div[text()='29.99']//following-sibling::button[contains(text(),'ADD TO CART')]
Trying to click on: [[FirefoxDriver: firefox on windows (a71a8f12-6026-4254-a305-a001798545d5)] -> xpath: //div[contains(text(),'Sauce Labs Backpack')]//following::div//div[text()='29.99']//following-sibling::button[contains(text(),'ADD TO CART')]]
Clicked on: [[FirefoxDriver: firefox on windows (a71a8f12-6026-4254-a305-a001798545d5)] -> xpath: //div[contains(text(),'Sauce Labs Backpack')]//following::div//div[text()='29.99']//following-sibling::button[contains(text(),'ADD TO CART')]]
Trying to find Element By : By.xpath: //div[@id='shopping_cart_container']//following::span[text()='1']
Found Element By : By.xpath: //div[@id='shopping_cart_container']//following::span[text()='1']
Trying to find Element By : By.xpath: //div[@id='shopping_cart_container']//following::span[text()='1']
Found Element By : By.xpath: //div[@id='shopping_cart_container']//following::span[text()='1']
Trying to click on: [[FirefoxDriver: firefox on windows (a71a8f12-6026-4254-a305-a001798545d5)] -> xpath: //div[@id='shopping_cart_container']//following::span[text()='1']]
Clicked on: [[FirefoxDriver: firefox on windows (a71a8f12-6026-4254-a305-a001798545d5)] -> xpath: //div[@id='shopping_cart_container']//following::span[text()='1']]
Trying to find Element By : By.xpath: //*[text()='CHECKOUT']
Found Element By : By.xpath: //*[text()='CHECKOUT']
Trying to find Element By : By.xpath: //*[text()='CHECKOUT']
Found Element By : By.xpath: //*[text()='CHECKOUT']
Trying to click on: [[FirefoxDriver: firefox on windows (a71a8f12-6026-4254-a305-a001798545d5)] -> xpath: //*[text()='CHECKOUT']]
Clicked on: [[FirefoxDriver: firefox on windows (a71a8f12-6026-4254-a305-a001798545d5)] -> xpath: //*[text()='CHECKOUT']]
Trying to find Element By : By.xpath: //*[@id='first-name']
Found Element By : By.xpath: //*[@id='first-name']
Trying to find Element By : By.xpath: //*[@id='last-name']
Found Element By : By.xpath: //*[@id='last-name']
Trying to find Element By : By.xpath: //*[@id='postal-code']
Found Element By : By.xpath: //*[@id='postal-code']
Trying to find Element By : By.xpath: //*[@type='submit']
Found Element By : By.xpath: //*[@type='submit']
Trying to click on: [[FirefoxDriver: firefox on windows (a71a8f12-6026-4254-a305-a001798545d5)] -> xpath: //*[@type='submit']]
Clicked on: [[FirefoxDriver: firefox on windows (a71a8f12-6026-4254-a305-a001798545d5)] -> xpath: //*[@type='submit']]
]]></system-out>
  </testcase>
  <testcase name="checkoutInfoTest[Zack, Higgins, 98234.0](4)" classname="com.sauce.qa.testcases.CartPageTest" time="15.416">
    <system-out><![CDATA[Before navigating to: 'https://www.saucedemo.com/v1/'
Navigated to:'https://www.saucedemo.com/v1/'
Trying to find Element By : By.name: user-name
Found Element By : By.name: user-name
Trying to find Element By : By.name: password
Found Element By : By.name: password
Trying to find Element By : By.xpath: //input[@type="submit"][@id='login-button']
Found Element By : By.xpath: //input[@type="submit"][@id='login-button']
Trying to click on: [[FirefoxDriver: firefox on windows (282a9cd4-fcba-4136-8d76-0dc5a16a7b22)] -> xpath: //input[@type="submit"][@id='login-button']]
Clicked on: [[FirefoxDriver: firefox on windows (282a9cd4-fcba-4136-8d76-0dc5a16a7b22)] -> xpath: //input[@type="submit"][@id='login-button']]
Trying to find Element By : By.xpath: //div[contains(text(),'Sauce Labs Backpack')]//following::div//div[text()='29.99']//following-sibling::button[contains(text(),'ADD TO CART')]
Found Element By : By.xpath: //div[contains(text(),'Sauce Labs Backpack')]//following::div//div[text()='29.99']//following-sibling::button[contains(text(),'ADD TO CART')]
Trying to click on: [[FirefoxDriver: firefox on windows (282a9cd4-fcba-4136-8d76-0dc5a16a7b22)] -> xpath: //div[contains(text(),'Sauce Labs Backpack')]//following::div//div[text()='29.99']//following-sibling::button[contains(text(),'ADD TO CART')]]
Clicked on: [[FirefoxDriver: firefox on windows (282a9cd4-fcba-4136-8d76-0dc5a16a7b22)] -> xpath: //div[contains(text(),'Sauce Labs Backpack')]//following::div//div[text()='29.99']//following-sibling::button[contains(text(),'ADD TO CART')]]
Trying to find Element By : By.xpath: //div[@id='shopping_cart_container']//following::span[text()='1']
Found Element By : By.xpath: //div[@id='shopping_cart_container']//following::span[text()='1']
Trying to find Element By : By.xpath: //div[@id='shopping_cart_container']//following::span[text()='1']
Found Element By : By.xpath: //div[@id='shopping_cart_container']//following::span[text()='1']
Trying to click on: [[FirefoxDriver: firefox on windows (282a9cd4-fcba-4136-8d76-0dc5a16a7b22)] -> xpath: //div[@id='shopping_cart_container']//following::span[text()='1']]
Clicked on: [[FirefoxDriver: firefox on windows (282a9cd4-fcba-4136-8d76-0dc5a16a7b22)] -> xpath: //div[@id='shopping_cart_container']//following::span[text()='1']]
Trying to find Element By : By.xpath: //*[text()='CHECKOUT']
Found Element By : By.xpath: //*[text()='CHECKOUT']
Trying to find Element By : By.xpath: //*[text()='CHECKOUT']
Found Element By : By.xpath: //*[text()='CHECKOUT']
Trying to click on: [[FirefoxDriver: firefox on windows (282a9cd4-fcba-4136-8d76-0dc5a16a7b22)] -> xpath: //*[text()='CHECKOUT']]
Clicked on: [[FirefoxDriver: firefox on windows (282a9cd4-fcba-4136-8d76-0dc5a16a7b22)] -> xpath: //*[text()='CHECKOUT']]
Trying to find Element By : By.xpath: //*[@id='first-name']
Found Element By : By.xpath: //*[@id='first-name']
Trying to find Element By : By.xpath: //*[@id='last-name']
Found Element By : By.xpath: //*[@id='last-name']
Trying to find Element By : By.xpath: //*[@id='postal-code']
Found Element By : By.xpath: //*[@id='postal-code']
Trying to find Element By : By.xpath: //*[@type='submit']
Found Element By : By.xpath: //*[@type='submit']
Trying to click on: [[FirefoxDriver: firefox on windows (282a9cd4-fcba-4136-8d76-0dc5a16a7b22)] -> xpath: //*[@type='submit']]
Clicked on: [[FirefoxDriver: firefox on windows (282a9cd4-fcba-4136-8d76-0dc5a16a7b22)] -> xpath: //*[@type='submit']]
]]></system-out>
  </testcase>
  <testcase name="LoginPageTitleTest" classname="com.sauce.qa.testcases.LoginPageTest" time="0.013">
    <system-out><![CDATA[Before navigating to: 'https://www.saucedemo.com/v1/'
Navigated to:'https://www.saucedemo.com/v1/'
]]></system-out>
  </testcase>
  <testcase name="LoginTest" classname="com.sauce.qa.testcases.LoginPageTest" time="1.024">
    <system-out><![CDATA[Before navigating to: 'https://www.saucedemo.com/v1/'
Navigated to:'https://www.saucedemo.com/v1/'
Trying to find Element By : By.name: user-name
Found Element By : By.name: user-name
Trying to find Element By : By.name: password
Found Element By : By.name: password
Trying to find Element By : By.xpath: //input[@type="submit"][@id='login-button']
Found Element By : By.xpath: //input[@type="submit"][@id='login-button']
Trying to click on: [[FirefoxDriver: firefox on windows (de29262b-6123-4cfd-874c-5584825838e9)] -> xpath: //input[@type="submit"][@id='login-button']]
Clicked on: [[FirefoxDriver: firefox on windows (de29262b-6123-4cfd-874c-5584825838e9)] -> xpath: //input[@type="submit"][@id='login-button']]
]]></system-out>
  </testcase>
  <testcase name="ProductPageTitleTest" classname="com.sauce.qa.testcases.ProductPageTest" time="0.046">
    <system-out><![CDATA[Before navigating to: 'https://www.saucedemo.com/v1/'
Navigated to:'https://www.saucedemo.com/v1/'
Trying to find Element By : By.name: user-name
Found Element By : By.name: user-name
Trying to find Element By : By.name: password
Found Element By : By.name: password
Trying to find Element By : By.xpath: //input[@type="submit"][@id='login-button']
Found Element By : By.xpath: //input[@type="submit"][@id='login-button']
Trying to click on: [[FirefoxDriver: firefox on windows (39d1ab23-566a-4604-8d0f-a32397fd496c)] -> xpath: //input[@type="submit"][@id='login-button']]
Clicked on: [[FirefoxDriver: firefox on windows (39d1ab23-566a-4604-8d0f-a32397fd496c)] -> xpath: //input[@type="submit"][@id='login-button']]
Trying to find Element By : By.xpath: //div[text()='Products' and @class='product_label']
Found Element By : By.xpath: //div[text()='Products' and @class='product_label']
]]></system-out>
  </testcase>
  <testcase name="addProductTest" classname="com.sauce.qa.testcases.ProductPageTest" time="0.412">
    <system-out><![CDATA[Before navigating to: 'https://www.saucedemo.com/v1/'
Navigated to:'https://www.saucedemo.com/v1/'
Trying to find Element By : By.name: user-name
Found Element By : By.name: user-name
Trying to find Element By : By.name: password
Found Element By : By.name: password
Trying to find Element By : By.xpath: //input[@type="submit"][@id='login-button']
Found Element By : By.xpath: //input[@type="submit"][@id='login-button']
Trying to click on: [[FirefoxDriver: firefox on windows (c552571b-2872-4f17-880a-e1e1bd16fbed)] -> xpath: //input[@type="submit"][@id='login-button']]
Clicked on: [[FirefoxDriver: firefox on windows (c552571b-2872-4f17-880a-e1e1bd16fbed)] -> xpath: //input[@type="submit"][@id='login-button']]
Trying to find Element By : By.xpath: //div[contains(text(),'Sauce Labs Backpack')]//following::div//div[text()='29.99']//following-sibling::button[contains(text(),'ADD TO CART')]
Found Element By : By.xpath: //div[contains(text(),'Sauce Labs Backpack')]//following::div//div[text()='29.99']//following-sibling::button[contains(text(),'ADD TO CART')]
Trying to click on: [[FirefoxDriver: firefox on windows (c552571b-2872-4f17-880a-e1e1bd16fbed)] -> xpath: //div[contains(text(),'Sauce Labs Backpack')]//following::div//div[text()='29.99']//following-sibling::button[contains(text(),'ADD TO CART')]]
Clicked on: [[FirefoxDriver: firefox on windows (c552571b-2872-4f17-880a-e1e1bd16fbed)] -> xpath: //div[contains(text(),'Sauce Labs Backpack')]//following::div//div[text()='29.99']//following-sibling::button[contains(text(),'ADD TO CART')]]
Trying to find Element By : By.xpath: //div[@id='shopping_cart_container']//following::span[text()='1']
Found Element By : By.xpath: //div[@id='shopping_cart_container']//following::span[text()='1']
Trying to find Element By : By.xpath: //div[@id='shopping_cart_container']//following::span[text()='1']
Found Element By : By.xpath: //div[@id='shopping_cart_container']//following::span[text()='1']
Trying to click on: [[FirefoxDriver: firefox on windows (c552571b-2872-4f17-880a-e1e1bd16fbed)] -> xpath: //div[@id='shopping_cart_container']//following::span[text()='1']]
Clicked on: [[FirefoxDriver: firefox on windows (c552571b-2872-4f17-880a-e1e1bd16fbed)] -> xpath: //div[@id='shopping_cart_container']//following::span[text()='1']]
]]></system-out>
  </testcase>
</testsuite>