<?xml version="1.0" encoding="UTF-8"?>
<testng-results ignored="0" total="10" passed="10" failed="0" skipped="0">
  <reporter-output>
  </reporter-output>
  <suite started-at="2023-12-25T12:38:58 IST" name="Surefire suite" finished-at="2023-12-25T12:42:37 IST" duration-ms="219400">
    <groups>
    </groups>
    <test started-at="2023-12-25T12:38:58 IST" name="Surefire test" finished-at="2023-12-25T12:42:37 IST" duration-ms="219400">
      <class name="com.sauce.qa.testcases.CartPageTest">
        <test-method is-config="true" signature="start()[pri:0, instance:com.sauce.qa.testcases.CartPageTest@28f2a10f]" started-at="2023-12-25T12:38:58 IST" name="start" finished-at="2023-12-25T12:39:22 IST" duration-ms="23769" status="PASS">
          <reporter-output>
          </reporter-output>
        </test-method> <!-- start -->
        <test-method signature="validateCartPageTitleTest()[pri:1, instance:com.sauce.qa.testcases.CartPageTest@28f2a10f]" started-at="2023-12-25T12:39:22 IST" name="validateCartPageTitleTest" finished-at="2023-12-25T12:39:22 IST" duration-ms="52" status="PASS">
          <reporter-output>
          </reporter-output>
        </test-method> <!-- validateCartPageTitleTest -->
        <test-method is-config="true" signature="teardown()[pri:0, instance:com.sauce.qa.testcases.CartPageTest@28f2a10f]" started-at="2023-12-25T12:39:22 IST" name="teardown" finished-at="2023-12-25T12:39:24 IST" duration-ms="1893" status="PASS">
          <reporter-output>
          </reporter-output>
        </test-method> <!-- teardown -->
        <test-method is-config="true" signature="start()[pri:0, instance:com.sauce.qa.testcases.CartPageTest@28f2a10f]" started-at="2023-12-25T12:39:24 IST" name="start" finished-at="2023-12-25T12:39:38 IST" duration-ms="14681" status="PASS">
          <reporter-output>
          </reporter-output>
        </test-method> <!-- start -->
        <test-method signature="checkOutTest()[pri:2, instance:com.sauce.qa.testcases.CartPageTest@28f2a10f]" started-at="2023-12-25T12:39:38 IST" name="checkOutTest" finished-at="2023-12-25T12:39:49 IST" duration-ms="10558" status="PASS">
          <reporter-output>
          </reporter-output>
        </test-method> <!-- checkOutTest -->
        <test-method is-config="true" signature="teardown()[pri:0, instance:com.sauce.qa.testcases.CartPageTest@28f2a10f]" started-at="2023-12-25T12:39:49 IST" name="teardown" finished-at="2023-12-25T12:39:50 IST" duration-ms="1571" status="PASS">
          <reporter-output>
          </reporter-output>
        </test-method> <!-- teardown -->
        <test-method is-config="true" signature="start()[pri:0, instance:com.sauce.qa.testcases.CartPageTest@28f2a10f]" started-at="2023-12-25T12:39:52 IST" name="start" finished-at="2023-12-25T12:40:08 IST" duration-ms="15520" status="PASS">
          <reporter-output>
          </reporter-output>
        </test-method> <!-- start -->
        <test-method signature="checkoutInfoTest(java.lang.String,java.lang.String,java.lang.String)[pri:3, instance:com.sauce.qa.testcases.CartPageTest@28f2a10f]" started-at="2023-12-25T12:40:08 IST" name="checkoutInfoTest" data-provider="getSauceTestData" finished-at="2023-12-25T12:40:24 IST" duration-ms="16577" status="PASS">
          <params>
            <param index="0">
              <value>
                <![CDATA[Mohit]]>
              </value>
            </param>
            <param index="1">
              <value>
                <![CDATA[Negi]]>
              </value>
            </param>
            <param index="2">
              <value>
                <![CDATA[234234.0]]>
              </value>
            </param>
          </params>
          <reporter-output>
          </reporter-output>
        </test-method> <!-- checkoutInfoTest -->
        <test-method is-config="true" signature="teardown()[pri:0, instance:com.sauce.qa.testcases.CartPageTest@28f2a10f]" started-at="2023-12-25T12:40:24 IST" name="teardown" finished-at="2023-12-25T12:40:26 IST" duration-ms="1806" status="PASS">
          <reporter-output>
          </reporter-output>
        </test-method> <!-- teardown -->
        <test-method is-config="true" signature="start()[pri:0, instance:com.sauce.qa.testcases.CartPageTest@28f2a10f]" started-at="2023-12-25T12:40:26 IST" name="start" finished-at="2023-12-25T12:40:40 IST" duration-ms="14362" status="PASS">
          <reporter-output>
          </reporter-output>
        </test-method> <!-- start -->
        <test-method signature="checkoutInfoTest(java.lang.String,java.lang.String,java.lang.String)[pri:3, instance:com.sauce.qa.testcases.CartPageTest@28f2a10f]" started-at="2023-12-25T12:40:40 IST" name="checkoutInfoTest" data-provider="getSauceTestData" finished-at="2023-12-25T12:40:56 IST" duration-ms="15849" status="PASS">
          <params>
            <param index="0">
              <value>
                <![CDATA[Ayushi]]>
              </value>
            </param>
            <param index="1">
              <value>
                <![CDATA[Bisht]]>
              </value>
            </param>
            <param index="2">
              <value>
                <![CDATA[234213.0]]>
              </value>
            </param>
          </params>
          <reporter-output>
          </reporter-output>
        </test-method> <!-- checkoutInfoTest -->
        <test-method is-config="true" signature="teardown()[pri:0, instance:com.sauce.qa.testcases.CartPageTest@28f2a10f]" started-at="2023-12-25T12:40:56 IST" name="teardown" finished-at="2023-12-25T12:40:58 IST" duration-ms="1498" status="PASS">
          <reporter-output>
          </reporter-output>
        </test-method> <!-- teardown -->
        <test-method is-config="true" signature="start()[pri:0, instance:com.sauce.qa.testcases.CartPageTest@28f2a10f]" started-at="2023-12-25T12:40:58 IST" name="start" finished-at="2023-12-25T12:41:12 IST" duration-ms="13975" status="PASS">
          <reporter-output>
          </reporter-output>
        </test-method> <!-- start -->
        <test-method signature="checkoutInfoTest(java.lang.String,java.lang.String,java.lang.String)[pri:3, instance:com.sauce.qa.testcases.CartPageTest@28f2a10f]" started-at="2023-12-25T12:41:12 IST" name="checkoutInfoTest" data-provider="getSauceTestData" finished-at="2023-12-25T12:41:27 IST" duration-ms="15406" status="PASS">
          <params>
            <param index="0">
              <value>
                <![CDATA[Tom]]>
              </value>
            </param>
            <param index="1">
              <value>
                <![CDATA[Ford]]>
              </value>
            </param>
            <param index="2">
              <value>
                <![CDATA[456345.0]]>
              </value>
            </param>
          </params>
          <reporter-output>
          </reporter-output>
        </test-method> <!-- checkoutInfoTest -->
        <test-method is-config="true" signature="teardown()[pri:0, instance:com.sauce.qa.testcases.CartPageTest@28f2a10f]" started-at="2023-12-25T12:41:27 IST" name="teardown" finished-at="2023-12-25T12:41:29 IST" duration-ms="1557" status="PASS">
          <reporter-output>
          </reporter-output>
        </test-method> <!-- teardown -->
        <test-method is-config="true" signature="start()[pri:0, instance:com.sauce.qa.testcases.CartPageTest@28f2a10f]" started-at="2023-12-25T12:41:29 IST" name="start" finished-at="2023-12-25T12:41:43 IST" duration-ms="14025" status="PASS">
          <reporter-output>
          </reporter-output>
        </test-method> <!-- start -->
        <test-method signature="checkoutInfoTest(java.lang.String,java.lang.String,java.lang.String)[pri:3, instance:com.sauce.qa.testcases.CartPageTest@28f2a10f]" started-at="2023-12-25T12:41:43 IST" name="checkoutInfoTest" data-provider="getSauceTestData" finished-at="2023-12-25T12:41:58 IST" duration-ms="15417" status="PASS">
          <params>
            <param index="0">
              <value>
                <![CDATA[Zack]]>
              </value>
            </param>
            <param index="1">
              <value>
                <![CDATA[Higgins]]>
              </value>
            </param>
            <param index="2">
              <value>
                <![CDATA[98234.0]]>
              </value>
            </param>
          </params>
          <reporter-output>
          </reporter-output>
        </test-method> <!-- checkoutInfoTest -->
        <test-method is-config="true" signature="teardown()[pri:0, instance:com.sauce.qa.testcases.CartPageTest@28f2a10f]" started-at="2023-12-25T12:41:58 IST" name="teardown" finished-at="2023-12-25T12:41:59 IST" duration-ms="1431" status="PASS">
          <reporter-output>
          </reporter-output>
        </test-method> <!-- teardown -->
      </class> <!-- com.sauce.qa.testcases.CartPageTest -->
      <class name="com.sauce.qa.testcases.ProductPageTest">
        <test-method is-config="true" signature="setUp()[pri:0, instance:com.sauce.qa.testcases.ProductPageTest@47d9a273]" started-at="2023-12-25T12:42:16 IST" name="setUp" finished-at="2023-12-25T12:42:24 IST" duration-ms="8050" status="PASS">
          <reporter-output>
          </reporter-output>
        </test-method> <!-- setUp -->
        <test-method signature="ProductPageTitleTest()[pri:1, instance:com.sauce.qa.testcases.ProductPageTest@47d9a273]" started-at="2023-12-25T12:42:24 IST" name="ProductPageTitleTest" finished-at="2023-12-25T12:42:24 IST" duration-ms="48" status="PASS">
          <reporter-output>
          </reporter-output>
        </test-method> <!-- ProductPageTitleTest -->
        <test-method is-config="true" signature="teardown()[pri:0, instance:com.sauce.qa.testcases.ProductPageTest@47d9a273]" started-at="2023-12-25T12:42:24 IST" name="teardown" finished-at="2023-12-25T12:42:26 IST" duration-ms="1930" status="PASS">
          <reporter-output>
          </reporter-output>
        </test-method> <!-- teardown -->
        <test-method is-config="true" signature="setUp()[pri:0, instance:com.sauce.qa.testcases.ProductPageTest@47d9a273]" started-at="2023-12-25T12:42:26 IST" name="setUp" finished-at="2023-12-25T12:42:35 IST" duration-ms="8485" status="PASS">
          <reporter-output>
          </reporter-output>
        </test-method> <!-- setUp -->
        <test-method signature="addProductTest()[pri:2, instance:com.sauce.qa.testcases.ProductPageTest@47d9a273]" started-at="2023-12-25T12:42:35 IST" name="addProductTest" finished-at="2023-12-25T12:42:35 IST" duration-ms="412" status="PASS">
          <reporter-output>
          </reporter-output>
        </test-method> <!-- addProductTest -->
        <test-method is-config="true" signature="teardown()[pri:0, instance:com.sauce.qa.testcases.ProductPageTest@47d9a273]" started-at="2023-12-25T12:42:35 IST" name="teardown" finished-at="2023-12-25T12:42:37 IST" duration-ms="2018" status="PASS">
          <reporter-output>
          </reporter-output>
        </test-method> <!-- teardown -->
      </class> <!-- com.sauce.qa.testcases.ProductPageTest -->
      <class name="com.sauce.qa.testcases.LoginPageTest">
        <test-method is-config="true" signature="setUp()[pri:0, instance:com.sauce.qa.testcases.LoginPageTest@26e356f0]" started-at="2023-12-25T12:41:59 IST" name="setUp" finished-at="2023-12-25T12:42:06 IST" duration-ms="6563" status="PASS">
          <reporter-output>
          </reporter-output>
        </test-method> <!-- setUp -->
        <test-method signature="LoginPageTitleTest()[pri:1, instance:com.sauce.qa.testcases.LoginPageTest@26e356f0]" started-at="2023-12-25T12:42:06 IST" name="LoginPageTitleTest" finished-at="2023-12-25T12:42:06 IST" duration-ms="12" status="PASS">
          <reporter-output>
          </reporter-output>
        </test-method> <!-- LoginPageTitleTest -->
        <test-method is-config="true" signature="teardown()[pri:0, instance:com.sauce.qa.testcases.LoginPageTest@26e356f0]" started-at="2023-12-25T12:42:06 IST" name="teardown" finished-at="2023-12-25T12:42:07 IST" duration-ms="1367" status="PASS">
          <reporter-output>
          </reporter-output>
        </test-method> <!-- teardown -->
        <test-method is-config="true" signature="setUp()[pri:0, instance:com.sauce.qa.testcases.LoginPageTest@26e356f0]" started-at="2023-12-25T12:42:07 IST" name="setUp" finished-at="2023-12-25T12:42:14 IST" duration-ms="6245" status="PASS">
          <reporter-output>
          </reporter-output>
        </test-method> <!-- setUp -->
        <test-method signature="LoginTest()[pri:2, instance:com.sauce.qa.testcases.LoginPageTest@26e356f0]" started-at="2023-12-25T12:42:14 IST" name="LoginTest" finished-at="2023-12-25T12:42:15 IST" duration-ms="1022" status="PASS">
          <reporter-output>
          </reporter-output>
        </test-method> <!-- LoginTest -->
        <test-method is-config="true" signature="teardown()[pri:0, instance:com.sauce.qa.testcases.LoginPageTest@26e356f0]" started-at="2023-12-25T12:42:15 IST" name="teardown" finished-at="2023-12-25T12:42:16 IST" duration-ms="1487" status="PASS">
          <reporter-output>
          </reporter-output>
        </test-method> <!-- teardown -->
      </class> <!-- com.sauce.qa.testcases.LoginPageTest -->
    </test> <!-- Surefire test -->
  </suite> <!-- Surefire suite -->
</testng-results>
