<?xml version="1.0" encoding="UTF-8"?>
<testng-results ignored="0" total="10" passed="10" failed="0" skipped="0">
  <reporter-output>
  </reporter-output>
  <suite started-at="2023-12-25T03:09:42 IST" name="Swag Lab Test Automation Suite" finished-at="2023-12-25T03:12:44 IST" duration-ms="182277">
    <groups>
    </groups>
    <test started-at="2023-12-25T03:09:42 IST" name="Swag Lab Application Test" finished-at="2023-12-25T03:12:44 IST" duration-ms="182277">
      <class name="com.sauce.qa.testcases.CartPageTest">
        <test-method is-config="true" signature="start()[pri:0, instance:com.sauce.qa.testcases.CartPageTest@353352b6]" started-at="2023-12-25T03:10:12 IST" name="start" finished-at="2023-12-25T03:10:24 IST" duration-ms="12361" status="PASS">
          <reporter-output>
          </reporter-output>
        </test-method> <!-- start -->
        <test-method signature="validateCartPageTitleTest()[pri:1, instance:com.sauce.qa.testcases.CartPageTest@353352b6]" started-at="2023-12-25T03:10:24 IST" name="validateCartPageTitleTest" finished-at="2023-12-25T03:10:24 IST" duration-ms="24" status="PASS">
          <reporter-output>
          </reporter-output>
        </test-method> <!-- validateCartPageTitleTest -->
        <test-method is-config="true" signature="teardown()[pri:0, instance:com.sauce.qa.testcases.CartPageTest@353352b6]" started-at="2023-12-25T03:10:24 IST" name="teardown" finished-at="2023-12-25T03:10:26 IST" duration-ms="1099" status="PASS">
          <reporter-output>
          </reporter-output>
        </test-method> <!-- teardown -->
        <test-method is-config="true" signature="start()[pri:0, instance:com.sauce.qa.testcases.CartPageTest@353352b6]" started-at="2023-12-25T03:10:26 IST" name="start" finished-at="2023-12-25T03:10:37 IST" duration-ms="11555" status="PASS">
          <reporter-output>
          </reporter-output>
        </test-method> <!-- start -->
        <test-method signature="checkOutTest()[pri:2, instance:com.sauce.qa.testcases.CartPageTest@353352b6]" started-at="2023-12-25T03:10:37 IST" name="checkOutTest" finished-at="2023-12-25T03:10:47 IST" duration-ms="10145" status="PASS">
          <reporter-output>
          </reporter-output>
        </test-method> <!-- checkOutTest -->
        <test-method is-config="true" signature="teardown()[pri:0, instance:com.sauce.qa.testcases.CartPageTest@353352b6]" started-at="2023-12-25T03:10:47 IST" name="teardown" finished-at="2023-12-25T03:10:48 IST" duration-ms="1115" status="PASS">
          <reporter-output>
          </reporter-output>
        </test-method> <!-- teardown -->
        <test-method is-config="true" signature="start()[pri:0, instance:com.sauce.qa.testcases.CartPageTest@353352b6]" started-at="2023-12-25T03:10:49 IST" name="start" finished-at="2023-12-25T03:11:01 IST" duration-ms="11632" status="PASS">
          <reporter-output>
          </reporter-output>
        </test-method> <!-- start -->
        <test-method signature="checkoutInfoTest(java.lang.String,java.lang.String,java.lang.String)[pri:3, instance:com.sauce.qa.testcases.CartPageTest@353352b6]" started-at="2023-12-25T03:11:01 IST" name="checkoutInfoTest" data-provider="getSauceTestData" finished-at="2023-12-25T03:11:17 IST" duration-ms="16078" status="PASS">
          <params>
            <param index="0">
              <value>
                <![CDATA[Mohit]]>
              </value>
            </param>
            <param index="1">
              <value>
                <![CDATA[Negi]]>
              </value>
            </param>
            <param index="2">
              <value>
                <![CDATA[234234.0]]>
              </value>
            </param>
          </params>
          <reporter-output>
          </reporter-output>
        </test-method> <!-- checkoutInfoTest -->
        <test-method is-config="true" signature="teardown()[pri:0, instance:com.sauce.qa.testcases.CartPageTest@353352b6]" started-at="2023-12-25T03:11:17 IST" name="teardown" finished-at="2023-12-25T03:11:18 IST" duration-ms="953" status="PASS">
          <reporter-output>
          </reporter-output>
        </test-method> <!-- teardown -->
        <test-method is-config="true" signature="start()[pri:0, instance:com.sauce.qa.testcases.CartPageTest@353352b6]" started-at="2023-12-25T03:11:18 IST" name="start" finished-at="2023-12-25T03:11:30 IST" duration-ms="12172" status="PASS">
          <reporter-output>
          </reporter-output>
        </test-method> <!-- start -->
        <test-method signature="checkoutInfoTest(java.lang.String,java.lang.String,java.lang.String)[pri:3, instance:com.sauce.qa.testcases.CartPageTest@353352b6]" started-at="2023-12-25T03:11:30 IST" name="checkoutInfoTest" data-provider="getSauceTestData" finished-at="2023-12-25T03:11:45 IST" duration-ms="15369" status="PASS">
          <params>
            <param index="0">
              <value>
                <![CDATA[Ayushi]]>
              </value>
            </param>
            <param index="1">
              <value>
                <![CDATA[Bisht]]>
              </value>
            </param>
            <param index="2">
              <value>
                <![CDATA[234213.0]]>
              </value>
            </param>
          </params>
          <reporter-output>
          </reporter-output>
        </test-method> <!-- checkoutInfoTest -->
        <test-method is-config="true" signature="teardown()[pri:0, instance:com.sauce.qa.testcases.CartPageTest@353352b6]" started-at="2023-12-25T03:11:45 IST" name="teardown" finished-at="2023-12-25T03:11:46 IST" duration-ms="1001" status="PASS">
          <reporter-output>
          </reporter-output>
        </test-method> <!-- teardown -->
        <test-method is-config="true" signature="start()[pri:0, instance:com.sauce.qa.testcases.CartPageTest@353352b6]" started-at="2023-12-25T03:11:46 IST" name="start" finished-at="2023-12-25T03:11:59 IST" duration-ms="12532" status="PASS">
          <reporter-output>
          </reporter-output>
        </test-method> <!-- start -->
        <test-method signature="checkoutInfoTest(java.lang.String,java.lang.String,java.lang.String)[pri:3, instance:com.sauce.qa.testcases.CartPageTest@353352b6]" started-at="2023-12-25T03:11:59 IST" name="checkoutInfoTest" data-provider="getSauceTestData" finished-at="2023-12-25T03:12:15 IST" duration-ms="15736" status="PASS">
          <params>
            <param index="0">
              <value>
                <![CDATA[Tom]]>
              </value>
            </param>
            <param index="1">
              <value>
                <![CDATA[Ford]]>
              </value>
            </param>
            <param index="2">
              <value>
                <![CDATA[456345.0]]>
              </value>
            </param>
          </params>
          <reporter-output>
          </reporter-output>
        </test-method> <!-- checkoutInfoTest -->
        <test-method is-config="true" signature="teardown()[pri:0, instance:com.sauce.qa.testcases.CartPageTest@353352b6]" started-at="2023-12-25T03:12:15 IST" name="teardown" finished-at="2023-12-25T03:12:16 IST" duration-ms="1133" status="PASS">
          <reporter-output>
          </reporter-output>
        </test-method> <!-- teardown -->
        <test-method is-config="true" signature="start()[pri:0, instance:com.sauce.qa.testcases.CartPageTest@353352b6]" started-at="2023-12-25T03:12:16 IST" name="start" finished-at="2023-12-25T03:12:27 IST" duration-ms="11661" status="PASS">
          <reporter-output>
          </reporter-output>
        </test-method> <!-- start -->
        <test-method signature="checkoutInfoTest(java.lang.String,java.lang.String,java.lang.String)[pri:3, instance:com.sauce.qa.testcases.CartPageTest@353352b6]" started-at="2023-12-25T03:12:27 IST" name="checkoutInfoTest" data-provider="getSauceTestData" finished-at="2023-12-25T03:12:43 IST" duration-ms="15365" status="PASS">
          <params>
            <param index="0">
              <value>
                <![CDATA[Zack]]>
              </value>
            </param>
            <param index="1">
              <value>
                <![CDATA[Higgins]]>
              </value>
            </param>
            <param index="2">
              <value>
                <![CDATA[98234.0]]>
              </value>
            </param>
          </params>
          <reporter-output>
          </reporter-output>
        </test-method> <!-- checkoutInfoTest -->
        <test-method is-config="true" signature="teardown()[pri:0, instance:com.sauce.qa.testcases.CartPageTest@353352b6]" started-at="2023-12-25T03:12:43 IST" name="teardown" finished-at="2023-12-25T03:12:44 IST" duration-ms="1040" status="PASS">
          <reporter-output>
          </reporter-output>
        </test-method> <!-- teardown -->
      </class> <!-- com.sauce.qa.testcases.CartPageTest -->
      <class name="com.sauce.qa.testcases.ProductPageTest">
        <test-method is-config="true" signature="setUp()[pri:0, instance:com.sauce.qa.testcases.ProductPageTest@48bb62]" started-at="2023-12-25T03:09:58 IST" name="setUp" finished-at="2023-12-25T03:10:03 IST" duration-ms="5528" status="PASS">
          <reporter-output>
          </reporter-output>
        </test-method> <!-- setUp -->
        <test-method signature="ProductPageTitleTest()[pri:1, instance:com.sauce.qa.testcases.ProductPageTest@48bb62]" started-at="2023-12-25T03:10:03 IST" name="ProductPageTitleTest" finished-at="2023-12-25T03:10:03 IST" duration-ms="29" status="PASS">
          <reporter-output>
          </reporter-output>
        </test-method> <!-- ProductPageTitleTest -->
        <test-method is-config="true" signature="teardown()[pri:0, instance:com.sauce.qa.testcases.ProductPageTest@48bb62]" started-at="2023-12-25T03:10:03 IST" name="teardown" finished-at="2023-12-25T03:10:05 IST" duration-ms="1126" status="PASS">
          <reporter-output>
          </reporter-output>
        </test-method> <!-- teardown -->
        <test-method is-config="true" signature="setUp()[pri:0, instance:com.sauce.qa.testcases.ProductPageTest@48bb62]" started-at="2023-12-25T03:10:05 IST" name="setUp" finished-at="2023-12-25T03:10:10 IST" duration-ms="5852" status="PASS">
          <reporter-output>
          </reporter-output>
        </test-method> <!-- setUp -->
        <test-method signature="addProductTest()[pri:2, instance:com.sauce.qa.testcases.ProductPageTest@48bb62]" started-at="2023-12-25T03:10:10 IST" name="addProductTest" finished-at="2023-12-25T03:10:11 IST" duration-ms="416" status="PASS">
          <reporter-output>
          </reporter-output>
        </test-method> <!-- addProductTest -->
        <test-method is-config="true" signature="teardown()[pri:0, instance:com.sauce.qa.testcases.ProductPageTest@48bb62]" started-at="2023-12-25T03:10:11 IST" name="teardown" finished-at="2023-12-25T03:10:12 IST" duration-ms="1312" status="PASS">
          <reporter-output>
          </reporter-output>
        </test-method> <!-- teardown -->
      </class> <!-- com.sauce.qa.testcases.ProductPageTest -->
      <class name="com.sauce.qa.testcases.LoginPageTest">
        <test-method is-config="true" signature="setUp()[pri:0, instance:com.sauce.qa.testcases.LoginPageTest@3b0fe47a]" started-at="2023-12-25T03:09:42 IST" name="setUp" finished-at="2023-12-25T03:09:49 IST" duration-ms="6847" status="PASS">
          <reporter-output>
          </reporter-output>
        </test-method> <!-- setUp -->
        <test-method signature="LoginPageTitleTest()[pri:1, instance:com.sauce.qa.testcases.LoginPageTest@3b0fe47a]" started-at="2023-12-25T03:09:49 IST" name="LoginPageTitleTest" finished-at="2023-12-25T03:09:49 IST" duration-ms="24" status="PASS">
          <reporter-output>
          </reporter-output>
        </test-method> <!-- LoginPageTitleTest -->
        <test-method is-config="true" signature="teardown()[pri:0, instance:com.sauce.qa.testcases.LoginPageTest@3b0fe47a]" started-at="2023-12-25T03:09:49 IST" name="teardown" finished-at="2023-12-25T03:09:51 IST" duration-ms="2417" status="PASS">
          <reporter-output>
          </reporter-output>
        </test-method> <!-- teardown -->
        <test-method is-config="true" signature="setUp()[pri:0, instance:com.sauce.qa.testcases.LoginPageTest@3b0fe47a]" started-at="2023-12-25T03:09:51 IST" name="setUp" finished-at="2023-12-25T03:09:56 IST" duration-ms="4755" status="PASS">
          <reporter-output>
          </reporter-output>
        </test-method> <!-- setUp -->
        <test-method signature="LoginTest()[pri:2, instance:com.sauce.qa.testcases.LoginPageTest@3b0fe47a]" started-at="2023-12-25T03:09:56 IST" name="LoginTest" finished-at="2023-12-25T03:09:57 IST" duration-ms="1070" status="PASS">
          <reporter-output>
          </reporter-output>
        </test-method> <!-- LoginTest -->
        <test-method is-config="true" signature="teardown()[pri:0, instance:com.sauce.qa.testcases.LoginPageTest@3b0fe47a]" started-at="2023-12-25T03:09:57 IST" name="teardown" finished-at="2023-12-25T03:09:58 IST" duration-ms="1061" status="PASS">
          <reporter-output>
          </reporter-output>
        </test-method> <!-- teardown -->
      </class> <!-- com.sauce.qa.testcases.LoginPageTest -->
    </test> <!-- Swag Lab Application Test -->
  </suite> <!-- Swag Lab Test Automation Suite -->
</testng-results>
