<?xml version="1.0" encoding="UTF-8"?>
<testng-results ignored="0" total="11" passed="11" failed="0" skipped="0">
  <reporter-output>
  </reporter-output>
  <suite started-at="2023-12-26T17:42:29 IST" name="Swag Lab Test Automation Suite" finished-at="2023-12-26T17:47:33 IST" duration-ms="303630">
    <groups>
    </groups>
    <test started-at="2023-12-26T17:42:29 IST" name="Swag Lab Application Test" finished-at="2023-12-26T17:47:33 IST" duration-ms="303630">
      <class name="com.sauce.qa.testcases.CartPageTest">
        <test-method is-config="true" signature="start()[pri:0, instance:com.sauce.qa.testcases.CartPageTest@1caa0244]" started-at="2023-12-26T17:43:53 IST" name="start" finished-at="2023-12-26T17:44:12 IST" duration-ms="18341" status="PASS">
          <reporter-output>
          </reporter-output>
        </test-method> <!-- start -->
        <test-method signature="validateCartPageTitleTest()[pri:1, instance:com.sauce.qa.testcases.CartPageTest@1caa0244]" started-at="2023-12-26T17:44:12 IST" name="validateCartPageTitleTest" finished-at="2023-12-26T17:44:12 IST" duration-ms="83" status="PASS">
          <reporter-output>
          </reporter-output>
        </test-method> <!-- validateCartPageTitleTest -->
        <test-method is-config="true" signature="teardown()[pri:0, instance:com.sauce.qa.testcases.CartPageTest@1caa0244]" started-at="2023-12-26T17:44:12 IST" name="teardown" finished-at="2023-12-26T17:44:14 IST" duration-ms="2088" status="PASS">
          <reporter-output>
          </reporter-output>
        </test-method> <!-- teardown -->
        <test-method is-config="true" signature="start()[pri:0, instance:com.sauce.qa.testcases.CartPageTest@1caa0244]" started-at="2023-12-26T17:44:14 IST" name="start" finished-at="2023-12-26T17:44:32 IST" duration-ms="18275" status="PASS">
          <reporter-output>
          </reporter-output>
        </test-method> <!-- start -->
        <test-method signature="checkOutTest()[pri:2, instance:com.sauce.qa.testcases.CartPageTest@1caa0244]" started-at="2023-12-26T17:44:32 IST" name="checkOutTest" finished-at="2023-12-26T17:44:43 IST" duration-ms="10450" status="PASS">
          <reporter-output>
          </reporter-output>
        </test-method> <!-- checkOutTest -->
        <test-method is-config="true" signature="teardown()[pri:0, instance:com.sauce.qa.testcases.CartPageTest@1caa0244]" started-at="2023-12-26T17:44:43 IST" name="teardown" finished-at="2023-12-26T17:44:44 IST" duration-ms="1430" status="PASS">
          <reporter-output>
          </reporter-output>
        </test-method> <!-- teardown -->
        <test-method is-config="true" signature="start()[pri:0, instance:com.sauce.qa.testcases.CartPageTest@1caa0244]" started-at="2023-12-26T17:44:46 IST" name="start" finished-at="2023-12-26T17:45:03 IST" duration-ms="17826" status="PASS">
          <reporter-output>
          </reporter-output>
        </test-method> <!-- start -->
        <test-method signature="checkoutInfoTest(java.lang.String,java.lang.String,java.lang.String)[pri:3, instance:com.sauce.qa.testcases.CartPageTest@1caa0244]" started-at="2023-12-26T17:45:03 IST" name="checkoutInfoTest" data-provider="getSauceTestData" finished-at="2023-12-26T17:45:19 IST" duration-ms="15458" status="PASS">
          <params>
            <param index="0">
              <value>
                <![CDATA[Mohit]]>
              </value>
            </param>
            <param index="1">
              <value>
                <![CDATA[Negi]]>
              </value>
            </param>
            <param index="2">
              <value>
                <![CDATA[234234.0]]>
              </value>
            </param>
          </params>
          <reporter-output>
          </reporter-output>
        </test-method> <!-- checkoutInfoTest -->
        <test-method is-config="true" signature="teardown()[pri:0, instance:com.sauce.qa.testcases.CartPageTest@1caa0244]" started-at="2023-12-26T17:45:19 IST" name="teardown" finished-at="2023-12-26T17:45:20 IST" duration-ms="1150" status="PASS">
          <reporter-output>
          </reporter-output>
        </test-method> <!-- teardown -->
        <test-method is-config="true" signature="start()[pri:0, instance:com.sauce.qa.testcases.CartPageTest@1caa0244]" started-at="2023-12-26T17:45:20 IST" name="start" finished-at="2023-12-26T17:45:36 IST" duration-ms="15617" status="PASS">
          <reporter-output>
          </reporter-output>
        </test-method> <!-- start -->
        <test-method signature="checkoutInfoTest(java.lang.String,java.lang.String,java.lang.String)[pri:3, instance:com.sauce.qa.testcases.CartPageTest@1caa0244]" started-at="2023-12-26T17:45:36 IST" name="checkoutInfoTest" data-provider="getSauceTestData" finished-at="2023-12-26T17:45:51 IST" duration-ms="15507" status="PASS">
          <params>
            <param index="0">
              <value>
                <![CDATA[Ayushi]]>
              </value>
            </param>
            <param index="1">
              <value>
                <![CDATA[Bisht]]>
              </value>
            </param>
            <param index="2">
              <value>
                <![CDATA[234213.0]]>
              </value>
            </param>
          </params>
          <reporter-output>
          </reporter-output>
        </test-method> <!-- checkoutInfoTest -->
        <test-method is-config="true" signature="teardown()[pri:0, instance:com.sauce.qa.testcases.CartPageTest@1caa0244]" started-at="2023-12-26T17:45:51 IST" name="teardown" finished-at="2023-12-26T17:45:53 IST" duration-ms="1442" status="PASS">
          <reporter-output>
          </reporter-output>
        </test-method> <!-- teardown -->
        <test-method is-config="true" signature="start()[pri:0, instance:com.sauce.qa.testcases.CartPageTest@1caa0244]" started-at="2023-12-26T17:45:53 IST" name="start" finished-at="2023-12-26T17:46:11 IST" duration-ms="18471" status="PASS">
          <reporter-output>
          </reporter-output>
        </test-method> <!-- start -->
        <test-method signature="checkoutInfoTest(java.lang.String,java.lang.String,java.lang.String)[pri:3, instance:com.sauce.qa.testcases.CartPageTest@1caa0244]" started-at="2023-12-26T17:46:11 IST" name="checkoutInfoTest" data-provider="getSauceTestData" finished-at="2023-12-26T17:46:27 IST" duration-ms="15498" status="PASS">
          <params>
            <param index="0">
              <value>
                <![CDATA[Tom]]>
              </value>
            </param>
            <param index="1">
              <value>
                <![CDATA[Ford]]>
              </value>
            </param>
            <param index="2">
              <value>
                <![CDATA[456345.0]]>
              </value>
            </param>
          </params>
          <reporter-output>
          </reporter-output>
        </test-method> <!-- checkoutInfoTest -->
        <test-method is-config="true" signature="teardown()[pri:0, instance:com.sauce.qa.testcases.CartPageTest@1caa0244]" started-at="2023-12-26T17:46:27 IST" name="teardown" finished-at="2023-12-26T17:46:28 IST" duration-ms="1849" status="PASS">
          <reporter-output>
          </reporter-output>
        </test-method> <!-- teardown -->
        <test-method is-config="true" signature="start()[pri:0, instance:com.sauce.qa.testcases.CartPageTest@1caa0244]" started-at="2023-12-26T17:46:28 IST" name="start" finished-at="2023-12-26T17:46:44 IST" duration-ms="15981" status="PASS">
          <reporter-output>
          </reporter-output>
        </test-method> <!-- start -->
        <test-method signature="checkoutInfoTest(java.lang.String,java.lang.String,java.lang.String)[pri:3, instance:com.sauce.qa.testcases.CartPageTest@1caa0244]" started-at="2023-12-26T17:46:44 IST" name="checkoutInfoTest" data-provider="getSauceTestData" finished-at="2023-12-26T17:47:00 IST" duration-ms="15463" status="PASS">
          <params>
            <param index="0">
              <value>
                <![CDATA[Zack]]>
              </value>
            </param>
            <param index="1">
              <value>
                <![CDATA[Higgins]]>
              </value>
            </param>
            <param index="2">
              <value>
                <![CDATA[98234.0]]>
              </value>
            </param>
          </params>
          <reporter-output>
          </reporter-output>
        </test-method> <!-- checkoutInfoTest -->
        <test-method is-config="true" signature="teardown()[pri:0, instance:com.sauce.qa.testcases.CartPageTest@1caa0244]" started-at="2023-12-26T17:47:00 IST" name="teardown" finished-at="2023-12-26T17:47:01 IST" duration-ms="1185" status="PASS">
          <reporter-output>
          </reporter-output>
        </test-method> <!-- teardown -->
        <test-method is-config="true" signature="start()[pri:0, instance:com.sauce.qa.testcases.CartPageTest@1caa0244]" started-at="2023-12-26T17:47:01 IST" name="start" finished-at="2023-12-26T17:47:17 IST" duration-ms="15354" status="PASS">
          <reporter-output>
          </reporter-output>
        </test-method> <!-- start -->
        <test-method signature="checkoutInfoTestParameters(java.lang.String,java.lang.String,java.lang.String)[pri:4, instance:com.sauce.qa.testcases.CartPageTest@1caa0244]" started-at="2023-12-26T17:47:17 IST" name="checkoutInfoTestParameters" finished-at="2023-12-26T17:47:32 IST" duration-ms="15490" status="PASS">
          <params>
            <param index="0">
              <value>
                <![CDATA[Ronnie]]>
              </value>
            </param>
            <param index="1">
              <value>
                <![CDATA[White]]>
              </value>
            </param>
            <param index="2">
              <value>
                <![CDATA[345234]]>
              </value>
            </param>
          </params>
          <reporter-output>
          </reporter-output>
        </test-method> <!-- checkoutInfoTestParameters -->
        <test-method is-config="true" signature="teardown()[pri:0, instance:com.sauce.qa.testcases.CartPageTest@1caa0244]" started-at="2023-12-26T17:47:32 IST" name="teardown" finished-at="2023-12-26T17:47:33 IST" duration-ms="1091" status="PASS">
          <reporter-output>
          </reporter-output>
        </test-method> <!-- teardown -->
      </class> <!-- com.sauce.qa.testcases.CartPageTest -->
      <class name="com.sauce.qa.testcases.ProductPageTest">
        <test-method is-config="true" signature="setUp()[pri:0, instance:com.sauce.qa.testcases.ProductPageTest@cecf639]" started-at="2023-12-26T17:42:58 IST" name="setUp" finished-at="2023-12-26T17:43:29 IST" duration-ms="31556" status="PASS">
          <reporter-output>
          </reporter-output>
        </test-method> <!-- setUp -->
        <test-method signature="ProductPageTitleTest()[pri:1, instance:com.sauce.qa.testcases.ProductPageTest@cecf639]" started-at="2023-12-26T17:43:29 IST" name="ProductPageTitleTest" finished-at="2023-12-26T17:43:29 IST" duration-ms="79" status="PASS">
          <reporter-output>
          </reporter-output>
        </test-method> <!-- ProductPageTitleTest -->
        <test-method is-config="true" signature="teardown()[pri:0, instance:com.sauce.qa.testcases.ProductPageTest@cecf639]" started-at="2023-12-26T17:43:29 IST" name="teardown" finished-at="2023-12-26T17:43:32 IST" duration-ms="2830" status="PASS">
          <reporter-output>
          </reporter-output>
        </test-method> <!-- teardown -->
        <test-method is-config="true" signature="setUp()[pri:0, instance:com.sauce.qa.testcases.ProductPageTest@cecf639]" started-at="2023-12-26T17:43:32 IST" name="setUp" finished-at="2023-12-26T17:43:50 IST" duration-ms="17422" status="PASS">
          <reporter-output>
          </reporter-output>
        </test-method> <!-- setUp -->
        <test-method signature="addProductTest()[pri:2, instance:com.sauce.qa.testcases.ProductPageTest@cecf639]" started-at="2023-12-26T17:43:50 IST" name="addProductTest" finished-at="2023-12-26T17:43:51 IST" duration-ms="995" status="PASS">
          <reporter-output>
          </reporter-output>
        </test-method> <!-- addProductTest -->
        <test-method is-config="true" signature="teardown()[pri:0, instance:com.sauce.qa.testcases.ProductPageTest@cecf639]" started-at="2023-12-26T17:43:51 IST" name="teardown" finished-at="2023-12-26T17:43:53 IST" duration-ms="2935" status="PASS">
          <reporter-output>
          </reporter-output>
        </test-method> <!-- teardown -->
      </class> <!-- com.sauce.qa.testcases.ProductPageTest -->
      <class name="com.sauce.qa.testcases.LoginPageTest">
        <test-method is-config="true" signature="setUp()[pri:0, instance:com.sauce.qa.testcases.LoginPageTest@1cf6d1be]" started-at="2023-12-26T17:42:29 IST" name="setUp" finished-at="2023-12-26T17:42:44 IST" duration-ms="14110" status="PASS">
          <reporter-output>
          </reporter-output>
        </test-method> <!-- setUp -->
        <test-method signature="LoginPageTitleTest()[pri:1, instance:com.sauce.qa.testcases.LoginPageTest@1cf6d1be]" started-at="2023-12-26T17:42:44 IST" name="LoginPageTitleTest" finished-at="2023-12-26T17:42:44 IST" duration-ms="22" status="PASS">
          <reporter-output>
          </reporter-output>
        </test-method> <!-- LoginPageTitleTest -->
        <test-method is-config="true" signature="teardown()[pri:0, instance:com.sauce.qa.testcases.LoginPageTest@1cf6d1be]" started-at="2023-12-26T17:42:44 IST" name="teardown" finished-at="2023-12-26T17:42:46 IST" duration-ms="1989" status="PASS">
          <reporter-output>
          </reporter-output>
        </test-method> <!-- teardown -->
        <test-method is-config="true" signature="setUp()[pri:0, instance:com.sauce.qa.testcases.LoginPageTest@1cf6d1be]" started-at="2023-12-26T17:42:46 IST" name="setUp" finished-at="2023-12-26T17:42:54 IST" duration-ms="8815" status="PASS">
          <reporter-output>
          </reporter-output>
        </test-method> <!-- setUp -->
        <test-method signature="LoginTest()[pri:2, instance:com.sauce.qa.testcases.LoginPageTest@1cf6d1be]" started-at="2023-12-26T17:42:54 IST" name="LoginTest" finished-at="2023-12-26T17:42:56 IST" duration-ms="1306" status="PASS">
          <reporter-output>
          </reporter-output>
        </test-method> <!-- LoginTest -->
        <test-method is-config="true" signature="teardown()[pri:0, instance:com.sauce.qa.testcases.LoginPageTest@1cf6d1be]" started-at="2023-12-26T17:42:56 IST" name="teardown" finished-at="2023-12-26T17:42:58 IST" duration-ms="1884" status="PASS">
          <reporter-output>
          </reporter-output>
        </test-method> <!-- teardown -->
      </class> <!-- com.sauce.qa.testcases.LoginPageTest -->
    </test> <!-- Swag Lab Application Test -->
  </suite> <!-- Swag Lab Test Automation Suite -->
</testng-results>
